0 info it worked if it ends with ok
1 verbose cli [ 'node', '/Users/veas/.nvm/v0.10.33/bin/npm', 'install' ]
2 info using npm@2.8.4
3 info using node@v0.10.33
4 verbose readDependencies loading dependencies from /Users/veas/Documents/github/marqit/package.json
5 error install Couldn't read dependencies
6 verbose stack Error: Invalid name: "marqit&#x2F;"
6 verbose stack     at ensureValidName (/Users/veas/.nvm/v0.10.33/lib/node_modules/npm/node_modules/normalize-package-data/lib/fixer.js:310:15)
6 verbose stack     at Object.module.exports.fixNameField (/Users/veas/.nvm/v0.10.33/lib/node_modules/npm/node_modules/normalize-package-data/lib/fixer.js:205:5)
6 verbose stack     at /Users/veas/.nvm/v0.10.33/lib/node_modules/npm/node_modules/normalize-package-data/lib/normalize.js:30:38
6 verbose stack     at Array.forEach (native)
6 verbose stack     at normalize (/Users/veas/.nvm/v0.10.33/lib/node_modules/npm/node_modules/normalize-package-data/lib/normalize.js:29:15)
6 verbose stack     at final (/Users/veas/.nvm/v0.10.33/lib/node_modules/npm/node_modules/read-package-json/read-json.js:338:5)
6 verbose stack     at then (/Users/veas/.nvm/v0.10.33/lib/node_modules/npm/node_modules/read-package-json/read-json.js:113:5)
6 verbose stack     at /Users/veas/.nvm/v0.10.33/lib/node_modules/npm/node_modules/read-package-json/read-json.js:284:20
6 verbose stack     at evalmachine.<anonymous>:207:20
6 verbose stack     at OpenReq.Req.done (/Users/veas/.nvm/v0.10.33/lib/node_modules/npm/node_modules/graceful-fs/graceful-fs.js:141:5)
7 verbose cwd /Users/veas/Documents/github/marqit
8 error Darwin 14.3.0
9 error argv "node" "/Users/veas/.nvm/v0.10.33/bin/npm" "install"
10 error node v0.10.33
11 error npm  v2.8.4
12 error Invalid name: "marqit&#x2F;"
13 error If you need help, you may report this error at:
13 error     <https://github.com/npm/npm/issues>
14 verbose exit [ 1, true ]
